JvmtiExport can_access_local_variables 0
JvmtiExport can_hotswap_or_post_breakpoint 0
JvmtiExport can_post_on_exceptions 0
# 247 ciObject found
instanceKlass sun/net/www/http/Hurryable
instanceKlass sun/net/www/HeaderParser
instanceKlass sun/net/www/protocol/http/AuthCacheImpl
instanceKlass sun/net/www/protocol/http/AuthCache
instanceKlass sun/security/ssl/SSLSocketImpl$NotifyHandshakeThread$1
instanceKlass sun/net/www/protocol/http/AuthCacheValue
instanceKlass sun/security/util/HostnameChecker
instanceKlass java/net/Socket$3
instanceKlass java/net/Socket$2
instanceKlass sun/net/spi/DefaultProxySelector$3
instanceKlass sun/net/spi/DefaultProxySelector$NonProxyInfo
instanceKlass sun/net/spi/DefaultProxySelector$1
instanceKlass java/net/ProxySelector
instanceKlass java/net/SocksSocketImpl$3
instanceKlass sun/net/www/http/KeepAliveKey
instanceKlass sun/net/NetworkClient$1
instanceKlass sun/net/NetworkClient
instanceKlass javax/net/ssl/HandshakeCompletedListener
instanceKlass java/net/ResponseCache
instanceKlass sun/net/www/protocol/http/HttpURLConnection$3
instanceKlass java/net/CookieHandler
instanceKlass sun/net/www/protocol/http/HttpURLConnection$2
instanceKlass sun/net/NetProperties$1
instanceKlass sun/net/NetProperties
instanceKlass sun/net/www/protocol/http/HttpURLConnection$$Lambda$58
instanceKlass java/lang/invoke/LambdaForm$DMH
instanceKlass sun/security/action/GetIntegerAction
instanceKlass javax/net/ssl/SSLSocketFactory$1
instanceKlass javax/net/SocketFactory
instanceKlass javax/net/ssl/HttpsURLConnection$DefaultHostnameVerifier
instanceKlass com/mathworks/webproxy/AbstractCompositeProxyConfiguration$FindProxyForURLProxyConfigurationVisitor
instanceKlass com/mathworks/addons_common/util/URLConnectionFactory
instanceKlass com/mathworks/addons_common/AdditionalAction
instanceKlass com/mathworks/hwsmanagement/InstalledSupportPackage
instanceKlass com/mathworks/addon_updates/UpdateNotificationClient
instanceKlass com/mathworks/addon_updates/NotificationsClientUpdatesRetriever
instanceKlass com/mathworks/addon_updates/UpdatesRetriever
instanceKlass com/mathworks/addons_common/util/AddonsMatlabWorker$1
instanceKlass com/mathworks/hwsmanagement/GetInstalledSupportPackagesTask
instanceKlass com/mathworks/hwsmanagement/SupportPackageUtils
instanceKlass com/mathworks/addons_common/notificationframework/RegistrationManager$1
instanceKlass com/mathworks/addons_common/notificationframework/RegistrationManager
instanceKlass com/mathworks/addons_common/notificationframework/InstalledFolderRegistryObservers$2
instanceKlass com/mathworks/addon_updates/Updates
instanceKlass com/mathworks/addons_common/notificationframework/InstalledFolderRegistryObservers
instanceKlass com/mathworks/appmanagement/model/InstalledAppMetadata
instanceKlass com/mathworks/appmanagement/model/AppMetadata
instanceKlass com/mathworks/appmanagement/MlappinstallUtil
instanceKlass com/mathworks/addons_metadata/AddonMetadataProvider
instanceKlass com/mathworks/toolboxmanagement/util/ManagerUtils
instanceKlass com/mathworks/addons_registry/MetadataFileUtils_Jni
instanceKlass com/mathworks/addons_common/util/MetadataFileUtils
instanceKlass com/mathworks/addons_app/tasks/GetInstalledTask
instanceKlass com/mathworks/addons_zip/tasks/GetInstalledTask
instanceKlass com/mathworks/toolboxmanagement/tasks/GetInstalledTask
instanceKlass com/mathworks/addons_common/util/settings/GalleryUrlPref
instanceKlass com/mathworks/addons_common/util/ImageUtils
instanceKlass com/mathworks/addons_common/notificationframework/FolderRegistry
instanceKlass com/mathworks/addons_common/notificationframework/InstalledAddOnInformation
instanceKlass com/mathworks/addons_product/ProductManager$1
instanceKlass com/mathworks/addons_common/InstalledAddon$Builder$1
instanceKlass com/mathworks/addons_common/InstalledAddon$Builder
instanceKlass com/mathworks/addons_product/ProductDocumentationProvider
instanceKlass com/mathworks/product/util/ProductIdentifierMap
instanceKlass com/fasterxml/jackson/core/io/NumberInput
instanceKlass com/fasterxml/jackson/databind/annotation/JsonTypeResolver
instanceKlass com/fasterxml/jackson/databind/util/ArrayIterator
instanceKlass com/fasterxml/jackson/core/util/TextBuffer
instanceKlass com/fasterxml/jackson/core/JsonStreamContext
instanceKlass com/fasterxml/jackson/core/json/ByteSourceJsonBootstrapper
instanceKlass com/fasterxml/jackson/core/util/BufferRecycler
instanceKlass com/fasterxml/jackson/core/util/BufferRecyclers
instanceKlass com/fasterxml/jackson/core/io/IOContext
instanceKlass com/fasterxml/jackson/databind/ser/BeanSerializerModifier
instanceKlass com/fasterxml/jackson/databind/ser/Serializers
instanceKlass com/fasterxml/jackson/databind/cfg/SerializerFactoryConfig
instanceKlass com/fasterxml/jackson/databind/ser/std/StdJdkSerializers
instanceKlass com/fasterxml/jackson/databind/ser/std/NumberSerializers
instanceKlass com/fasterxml/jackson/databind/deser/DeserializerCache
instanceKlass com/fasterxml/jackson/databind/KeyDeserializer
instanceKlass com/fasterxml/jackson/databind/deser/std/StdKeyDeserializers
instanceKlass com/fasterxml/jackson/databind/deser/KeyDeserializers
instanceKlass com/fasterxml/jackson/databind/deser/ValueInstantiators
instanceKlass com/fasterxml/jackson/databind/AbstractTypeResolver
instanceKlass com/fasterxml/jackson/databind/deser/BeanDeserializerModifier
instanceKlass com/fasterxml/jackson/databind/cfg/DeserializerFactoryConfig
instanceKlass com/fasterxml/jackson/databind/PropertyName
instanceKlass com/fasterxml/jackson/databind/deser/Deserializers
instanceKlass com/fasterxml/jackson/annotation/ObjectIdGenerator
instanceKlass com/fasterxml/jackson/databind/deser/ValueInstantiator$Gettable
instanceKlass com/fasterxml/jackson/databind/deser/ContextualDeserializer
instanceKlass com/fasterxml/jackson/databind/deser/ResolvableDeserializer
instanceKlass com/fasterxml/jackson/databind/JsonDeserializer
instanceKlass com/fasterxml/jackson/databind/deser/NullValueProvider
instanceKlass com/fasterxml/jackson/databind/ser/SerializerCache
instanceKlass com/fasterxml/jackson/databind/ser/ResolvableSerializer
instanceKlass com/fasterxml/jackson/databind/ser/ContextualSerializer
instanceKlass com/fasterxml/jackson/databind/jsonschema/SchemaAware
instanceKlass com/fasterxml/jackson/databind/JsonSerializer
instanceKlass com/fasterxml/jackson/databind/jsonFormatVisitors/JsonFormatVisitable
instanceKlass com/fasterxml/jackson/databind/node/JsonNodeFactory
instanceKlass com/fasterxml/jackson/databind/node/JsonNodeCreator
instanceKlass com/fasterxml/jackson/databind/cfg/ContextAttributes
instanceKlass com/fasterxml/jackson/core/util/Separators
instanceKlass com/fasterxml/jackson/core/util/DefaultPrettyPrinter$NopIndenter
instanceKlass com/fasterxml/jackson/databind/cfg/ConfigFeature
instanceKlass com/fasterxml/jackson/databind/cfg/ConfigOverride
instanceKlass com/fasterxml/jackson/annotation/JsonFormat$Features
instanceKlass com/fasterxml/jackson/annotation/JsonFormat$Value
instanceKlass com/fasterxml/jackson/databind/introspect/VisibilityChecker$Std
instanceKlass com/fasterxml/jackson/annotation/JsonSetter$Value
instanceKlass com/fasterxml/jackson/annotation/JsonInclude$Value
instanceKlass com/fasterxml/jackson/annotation/JacksonAnnotationValue
instanceKlass com/fasterxml/jackson/databind/cfg/ConfigOverrides
instanceKlass com/fasterxml/jackson/databind/introspect/AnnotatedClass$Creators
instanceKlass com/fasterxml/jackson/databind/introspect/AnnotationCollector$NoAnnotations
instanceKlass com/fasterxml/jackson/databind/util/Annotations
instanceKlass com/fasterxml/jackson/databind/introspect/AnnotationCollector
instanceKlass com/fasterxml/jackson/databind/introspect/AnnotatedClassResolver
instanceKlass com/fasterxml/jackson/databind/BeanDescription
instanceKlass com/fasterxml/jackson/databind/cfg/MapperConfig
instanceKlass com/fasterxml/jackson/databind/introspect/SimpleMixInResolver
instanceKlass com/fasterxml/jackson/databind/introspect/ClassIntrospector$MixInResolver
instanceKlass com/fasterxml/jackson/databind/util/RootNameLookup
instanceKlass com/fasterxml/jackson/core/sym/ByteQuadsCanonicalizer$TableInfo
instanceKlass com/fasterxml/jackson/core/sym/ByteQuadsCanonicalizer
instanceKlass com/fasterxml/jackson/core/sym/CharsToNameCanonicalizer$Bucket
instanceKlass com/fasterxml/jackson/core/sym/CharsToNameCanonicalizer$TableInfo
instanceKlass com/fasterxml/jackson/core/sym/CharsToNameCanonicalizer
instanceKlass com/fasterxml/jackson/core/io/CharTypes
instanceKlass com/fasterxml/jackson/core/io/JsonStringEncoder
instanceKlass com/fasterxml/jackson/core/io/SerializedString
instanceKlass com/fasterxml/jackson/core/util/DefaultPrettyPrinter$Indenter
instanceKlass com/fasterxml/jackson/core/util/DefaultPrettyPrinter
instanceKlass com/fasterxml/jackson/core/util/Instantiatable
instanceKlass com/fasterxml/jackson/core/PrettyPrinter
instanceKlass com/fasterxml/jackson/core/TSFBuilder
instanceKlass com/fasterxml/jackson/core/async/ByteArrayFeeder
instanceKlass com/fasterxml/jackson/core/async/NonBlockingInputFeeder
instanceKlass com/fasterxml/jackson/core/SerializableString
instanceKlass com/fasterxml/jackson/core/Base64Variant
instanceKlass com/fasterxml/jackson/core/Base64Variants
instanceKlass com/fasterxml/jackson/databind/type/TypeBindings
instanceKlass com/fasterxml/jackson/databind/type/TypeParser
instanceKlass com/fasterxml/jackson/databind/type/TypeFactory
instanceKlass com/fasterxml/jackson/databind/cfg/BaseSettings
instanceKlass com/fasterxml/jackson/databind/util/LRUMap
instanceKlass java/beans/ConstructorProperties
instanceKlass com/fasterxml/jackson/databind/util/ClassUtil$Ctor
instanceKlass com/fasterxml/jackson/databind/util/ClassUtil
instanceKlass com/fasterxml/jackson/databind/ext/Java7Support
instanceKlass com/fasterxml/jackson/annotation/JsonMerge
instanceKlass com/fasterxml/jackson/databind/annotation/JsonDeserialize
instanceKlass com/fasterxml/jackson/annotation/JsonManagedReference
instanceKlass com/fasterxml/jackson/annotation/JsonBackReference
instanceKlass com/fasterxml/jackson/annotation/JsonUnwrapped
instanceKlass com/fasterxml/jackson/annotation/JsonRawValue
instanceKlass com/fasterxml/jackson/annotation/JsonTypeInfo
instanceKlass com/fasterxml/jackson/annotation/JsonFormat
instanceKlass com/fasterxml/jackson/annotation/JsonView
instanceKlass com/fasterxml/jackson/databind/annotation/JsonSerialize
instanceKlass com/fasterxml/jackson/databind/introspect/ConcreteBeanPropertyBase
instanceKlass com/fasterxml/jackson/databind/BeanProperty
instanceKlass com/fasterxml/jackson/databind/introspect/BeanPropertyDefinition
instanceKlass com/fasterxml/jackson/databind/util/Named
instanceKlass com/fasterxml/jackson/databind/introspect/TypeResolutionContext
instanceKlass com/fasterxml/jackson/databind/introspect/Annotated
instanceKlass com/fasterxml/jackson/core/JsonGenerator
instanceKlass com/fasterxml/jackson/core/type/ResolvedType
instanceKlass com/fasterxml/jackson/databind/Module$SetupContext
instanceKlass com/fasterxml/jackson/databind/jsontype/TypeResolverBuilder
instanceKlass com/fasterxml/jackson/databind/introspect/VisibilityChecker
instanceKlass com/fasterxml/jackson/databind/introspect/ClassIntrospector
instanceKlass com/fasterxml/jackson/databind/jsontype/PolymorphicTypeValidator
instanceKlass com/fasterxml/jackson/databind/AnnotationIntrospector
instanceKlass com/fasterxml/jackson/databind/ser/SerializerFactory
instanceKlass com/fasterxml/jackson/databind/deser/DeserializerFactory
instanceKlass com/fasterxml/jackson/databind/DatabindContext
instanceKlass com/fasterxml/jackson/databind/jsontype/SubtypeResolver
instanceKlass com/fasterxml/jackson/core/TokenStreamFactory
instanceKlass com/mathworks/product/util/ProductIdentifier
instanceKlass com/mathworks/services/lmgr/FeatureInfo
instanceKlass com/mathworks/services/lmgr/NonDemoFeatureInfoList
instanceKlass com/mathworks/mlwidgets/workspace/MatlabCustomClassRegistry
instanceKlass org/apache/xerces/impl/dv/SecuritySupport$3
instanceKlass org/apache/xerces/parsers/SecuritySupport$3
instanceKlass com/mathworks/widgets/spreadsheet/data/ComplexArray
instanceKlass com/mathworks/widgets/spreadsheet/data/ValueSummary
instanceKlass com/mathworks/widgets/spreadsheet/IReadOnlyData
instanceKlass com/mathworks/util/AbsoluteFile
instanceKlass com/mathworks/addons_product/ProductManagerUtils
instanceKlass com/mathworks/addons_product/MatlabDesktopStrategy
instanceKlass com/mathworks/addons_product/MatlabPlatformStrategyFactory
instanceKlass com/mathworks/addons_common/notificationframework/AddOnCollectionUtils$1
instanceKlass com/mathworks/addons_common/notificationframework/AddOnCollectionUtils
instanceKlass com/mathworks/addons_common/notificationframework/StartupCacheInitializationTask
instanceKlass com/mathworks/addons_toolbox/AddOnInstallationObserverAdapter
instanceKlass com/mathworks/addons_zip/tasks/AddOnInstallationObservers
instanceKlass com/mathworks/appmanagement/addons/AppManagerUtils
instanceKlass com/mathworks/addons_common/AddonCustomMetadata
instanceKlass com/mathworks/addons_zip/utils/ZipManagerUtils
instanceKlass com/mathworks/supportsoftwarematlabmanagement/api/UninstallAPI
instanceKlass com/mathworks/install_task/BackgroundTask
instanceKlass com/mathworks/supportsoftwareinstaller/api/InstallAPI
instanceKlass com/mathworks/hwsmanagement/HwsManager
instanceKlass com/mathworks/supportsoftwareinstaller/addons/SupportSoftwareInstallerObserver
instanceKlass com/mathworks/addons_zip/ZipManager
instanceKlass com/mathworks/addons_common/DocumentationProvider
instanceKlass com/mathworks/services/lmgr/FeatureInfoList
instanceKlass com/mathworks/addons_product/CommandBuilder
instanceKlass com/mathworks/addons_product/ProductManager
instanceKlass com/mathworks/toolboxmanagement/ToolboxContributedToolsLoader
instanceKlass com/mathworks/toolboxmanagement/ToolboxManagementObserverCollection
instanceKlass com/mathworks/toolboxmanagement/DefaultToolboxManagementObserver
instanceKlass com/mathworks/toolboxmanagement/ExecutorServiceFactory
instanceKlass com/mathworks/toolboxmanagement/CustomToolboxManager
instanceKlass com/mathworks/toolboxmanagement/ToolboxManagementObserver
instanceKlass com/mathworks/addons_toolbox/ToolboxManagerForAddOns
instanceKlass com/mathworks/addons_mlconnector/MLConnectorManager
instanceKlass com/mathworks/addons_app/AppManager
instanceKlass com/mathworks/addons_common/notificationframework/AddOnInstallationObserverImpl
instanceKlass com/mathworks/addons_common/notificationframework/InstalledAddOnsCache$LazyHolder
instanceKlass com/mathworks/addons_common/notificationframework/AddOnInstallationObserver
instanceKlass com/mathworks/addons_common/notificationframework/InstalledAddOnsCache
instanceKlass com/mathworks/mde/liveeditor/LiveEditorClientFactory$3
instanceKlass com/mathworks/mde/liveeditor/LiveEditorClientFactory$1
instanceKlass com/mathworks/mde/liveeditor/LiveEditorClientFactory
instanceKlass com/mathworks/mde/liveeditor/LiveEditorTabManager$15
instanceKlass com/mathworks/mde/liveeditor/plugins/execution/LiveEditorExecutionDockingManager$2
instanceKlass com/mathworks/mde/liveeditor/plugins/execution/LiveEditorExecutionDockingManager$1
instanceKlass com/mathworks/mde/liveeditor/plugins/execution/LiveEditorExecutionDockingManager
instanceKlass com/mathworks/mde/desk/MLDesktop$7$1
instanceKlass com/mathworks/addons/launchers/InitializeCacheAndRegisterAddonsAndAddSupportPackages
instanceKlass com/mathworks/mlwidgets/util/productinfo/ProductInfoUtils$MatlabSimulinkGroupOrderComparator
instanceKlass com/mathworks/mlwidgets/util/productinfo/ProductInfoUtils$DisplayOrderComparator
instanceKlass com/mathworks/mlwidgets/util/productinfo/ProductInfoUtils$ProductInfoManager
instanceKlass com/mathworks/mlwidgets/util/productinfo/ProductInfoUtils
instanceKlass com/mathworks/html/HtmlActions
instanceKlass com/mathworks/html/HtmlComponent
instanceKlass com/mathworks/html/HtmlCallbackProvider
instanceKlass com/mathworks/mlwidgets/html/HtmlComponentFactory
instanceKlass com/mathworks/hg/util/HGUtils$ComponentImageRunnable
instanceKlass com/mathworks/hg/util/HGUtils
instanceKlass com/mathworks/mde/desk/StartupClassLoader$LoadInfo
instanceKlass org/apache/commons/io/Charsets
instanceKlass com/mathworks/mde/desk/StartupClassLoader$2
instanceKlass com/mathworks/mde/cmdwin/CmdWinSyntaxWrapper
instanceKlass com/mathworks/mde/cmdwin/CmdWinMLIF$8
instanceKlass com/mathworks/mde/cmdwin/FunctionBrowserRowHeader$4$1
instanceKlass com/mathworks/widgets/spreadsheet/IntervalSet$Interval
instanceKlass com/mathworks/widgets/recordlist/RecordlistModelEvent$RLEventType
instanceKlass com/mathworks/widgets/recordlist/RecordlistModelEvent
instanceKlass com/mathworks/mde/desk/MLDesktop$18
instanceKlass com/mathworks/mlservices/MLExecutionEvent$1
instanceKlass com/mathworks/mlwidgets/workspace/MatlabWorkspaceModel$2
instanceKlass com/mathworks/mlwidgets/workspace/MatlabWorkspaceListener$2
instanceKlass com/mathworks/mlwidgets/workspace/MatlabWorkspaceListener$1
instanceKlass com/mathworks/mlwidgets/array/ArrayDialog
instanceKlass com/mathworks/widgets/spreadsheet/data/ComplexArrayFactory
instanceKlass com/mathworks/widgets/spreadsheet/data/ComplexScalarFactory
instanceKlass com/mathworks/widgets/spreadsheet/data/ValueSummaryFactory
instanceKlass com/mathworks/mlservices/WorkspaceVariable
instanceKlass com/mathworks/mvm/exec/MvmSwingWorker$1$1
instanceKlass com/mathworks/services/mlx/MlxFileUtils$LiveFunctionFlagListener
instanceKlass com/mathworks/services/opc/OpcPackage
instanceKlass java/util/EnumMap$EntryIterator$Entry
instanceKlass com/mathworks/toolbox/shared/computils/file/FileSorter$2
instanceKlass com/mathworks/toolbox/shared/computils/file/FileSorter
instanceKlass com/mathworks/toolbox/shared/computils/file/ImmutableFileTree
instanceKlass com/mathworks/sourcecontrol/SCAdapterConnectionManager$3
instanceKlass com/mathworks/cmlink/management/cache/transaction/FolderCacheTransaction
instanceKlass com/mathworks/cmlink/management/cache/transaction/FileUpdateTransaction
instanceKlass com/mathworks/cmlink/implementations/git/GitExternalChangeDetector$2$1
instanceKlass com/mathworks/cmlink/util/status/ImmutableFileState
instanceKlass com/mathworks/toolbox/shared/computils/collections/DefaultMapFactory
instanceKlass com/mathworks/cmlink/implementations/git/GitAdapter$7
instanceKlass com/mathworks/toolbox/shared/computils/collections/SafeListFilter
instanceKlass com/mathworks/toolbox/cmlinkutils/file/FileLists$1
instanceKlass com/mathworks/toolbox/cmlinkutils/file/FileLists
instanceKlass com/mathworks/toolbox/cmlinkutils/file/filters/ExcludeListFilter
instanceKlass com/mathworks/cmlink/implementations/git/GitAdapter$SkipIgnoredFilesFilter
instanceKlass com/mathworks/toolbox/cmlinkutils/file/filters/AndFileFilter
instanceKlass com/mathworks/cmlink/implementations/git/GitAdapter$CancellableFileFilter
instanceKlass com/mathworks/cmlink/implementations/git/GitAdapter$StatusConverter$GitSbxExtractor
instanceKlass com/mathworks/cmlink/api/FileProperty
instanceKlass com/mathworks/cmlink/implementations/git/GitAdapter$StatusConverter
instanceKlass org/eclipse/jgit/api/Status
instanceKlass org/eclipse/jgit/submodule/SubmoduleWalk
instanceKlass org/eclipse/jgit/lib/CoreConfig$$Lambda$57
instanceKlass org/eclipse/jgit/lib/CoreConfig
instanceKlass com/mathworks/sourcecontrol/StringIcon
instanceKlass com/mathworks/sourcecontrol/sandboxcreation/statuswidget/progressindication/ProgressEventBroadcaster$2
instanceKlass com/mathworks/sourcecontrol/sandboxcreation/statuswidget/progressindication/ProgressEventBroadcaster$3
instanceKlass org/eclipse/jgit/dircache/DirCacheTree$1
instanceKlass org/eclipse/jgit/dircache/DirCacheTree
instanceKlass org/eclipse/jgit/attributes/FilterCommandRegistry
instanceKlass org/eclipse/jgit/internal/storage/file/FileRepository$AttributesNodeProviderImpl
instanceKlass org/eclipse/jgit/treewalk/TreeWalk
instanceKlass org/eclipse/jgit/attributes/AttributesProvider
instanceKlass org/eclipse/jgit/dircache/DirCache$1
instanceKlass org/eclipse/jgit/dircache/DirCacheEntry
instanceKlass com/mathworks/cmlink/util/ui/icon/CmlinkIcons$1
instanceKlass com/mathworks/cmlink/util/ui/icon/CmlinkIcons
instanceKlass org/eclipse/jgit/dircache/DirCache
instanceKlass com/mathworks/sourcecontrol/SCStatusCacheUtil
instanceKlass org/eclipse/jgit/lib/IndexDiff$1
instanceKlass org/eclipse/jgit/lib/SymbolicRef
instanceKlass java/text/BreakIterator$BreakIteratorCache
instanceKlass sun/text/SupplementaryCharacterData
instanceKlass sun/nio/cs/ThreadLocalCoders$Cache
instanceKlass sun/text/CompactByteArray
instanceKlass sun/nio/cs/ThreadLocalCoders
instanceKlass org/eclipse/jgit/lib/IndexDiff$WorkingTreeIteratorFactory
instanceKlass org/eclipse/jgit/lib/IndexDiff
instanceKlass sun/util/locale/provider/RuleBasedBreakIterator$1
instanceKlass org/eclipse/jgit/util/Paths
instanceKlass org/eclipse/jgit/lib/FileMode
instanceKlass org/eclipse/jgit/util/FS$Attributes
instanceKlass org/eclipse/jgit/treewalk/WorkingTreeIterator$IteratorState
instanceKlass org/eclipse/jgit/treewalk/FileTreeIterator$DefaultFileModeStrategy
instanceKlass org/eclipse/jgit/lib/Config$ConfigEnum
instanceKlass org/eclipse/jgit/treewalk/WorkingTreeOptions$$Lambda$56
instanceKlass org/eclipse/jgit/lib/Config$SectionParser
instanceKlass java/lang/invoke/LambdaForm$DMH
instanceKlass org/eclipse/jgit/treewalk/WorkingTreeOptions
instanceKlass org/eclipse/jgit/treewalk/WorkingTreeIterator$1
instanceKlass org/eclipse/jgit/treewalk/FileTreeIterator$FileModeStrategy
instanceKlass com/mathworks/sourcecontrol/SourceControlUI$2
instanceKlass org/eclipse/jgit/attributes/AttributesNode
instanceKlass org/eclipse/jgit/ignore/IgnoreNode
instanceKlass org/eclipse/jgit/treewalk/AbstractTreeIterator
instanceKlass com/mathworks/cmlink/implementations/git/GitExternalChangeDetector$2
instanceKlass com/mathworks/cmlink/implementations/git/ExternalEditManagingGitAdapter$12
instanceKlass com/mathworks/cmlink/util/decoration/CMAdapterRepetitiveDecorator$20
instanceKlass com/mathworks/cmlink/management/queue/CMAdapterQueued$4
instanceKlass com/mathworks/cmlink/management/cache/transaction/CacheTransactionGenerator$1
instanceKlass com/mathworks/util/collections/CopyOnWriteList$MyIterator
instanceKlass java/util/concurrent/LinkedBlockingDeque$Node
instanceKlass com/mathworks/sourcecontrol/SourceControlUI$1
instanceKlass com/mathworks/cmlink/management/cache/RolledUpStatusCache$2
instanceKlass com/mathworks/cmlink/management/cache/RolledUpStatusCache$1
instanceKlass com/mathworks/toolbox/shared/computils/file/FileTree
instanceKlass com/mathworks/cmlink/management/cache/queue/jobs/CompletionStatus
instanceKlass com/mathworks/cmlink/management/cache/queue/jobs/BlockingCacheUpdateJob
instanceKlass com/mathworks/cmlink/management/cache/BlockingCmStatusCache$BlockingEntity
instanceKlass com/mathworks/cmlink/management/cache/RolledUpStatusCache
instanceKlass com/mathworks/sourcecontrol/CaseCorrectRolledUpStatusCache
instanceKlass com/mathworks/cmlink/management/pool/PooledCmStatusCacheEntry$1
instanceKlass com/mathworks/toolbox/cmlinkutils/threads/lock/AcquiredLock
instanceKlass com/mathworks/util/FileSystemNotifier$2
instanceKlass com/mathworks/cmlink/management/cache/AsynchronousCmStatusCache$1
instanceKlass com/mathworks/cmlink/management/cache/AsynchronousCmStatusCache$CachePollingFileSystemListener
instanceKlass com/mathworks/cmlink/management/cache/AsynchronousCmStatusCache$ExceptionThrowingRunnable
instanceKlass com/mathworks/cmlink/management/cache/AsynchronousCmStatusCache$CacheFileSystemListener
instanceKlass com/mathworks/cmlink/management/cache/queue/JobQueuingCmStatusCache$1
instanceKlass com/mathworks/cmlink/management/cache/queue/JobQueuingCmStatusCache$2
instanceKlass com/mathworks/cmlink/management/cache/transaction/RepositoryUpdateTransaction
instanceKlass com/mathworks/cmlink/management/cache/transaction/CmStatusCacheUpdateTransaction
instanceKlass com/mathworks/cmlink/management/cache/transaction/CacheTransactionGenerator
instanceKlass com/mathworks/cmlink/util/internalapi/InternalFileState
instanceKlass com/mathworks/cmlink/management/cache/transaction/TransactionBasedCache
instanceKlass com/mathworks/cmlink/management/cache/queue/CmCacheUpdateJob
instanceKlass com/mathworks/cmlink/management/cache/transaction/TransactionManagingCmCache
instanceKlass javax/swing/Autoscroller
instanceKlass com/mathworks/sourcecontrol/sandboxcreation/statuswidget/progressindication/ProgressEventBroadcaster$1
instanceKlass com/mathworks/mwswing/JEditorPaneHyperlinkHandler$7
instanceKlass com/mathworks/cmlink/util/events/CMEventListener
instanceKlass com/mathworks/util/PollingChangeListener
instanceKlass com/mathworks/cmlink/util/events/EventBroadcastingCMAdapter$1
instanceKlass com/mathworks/cmlink/util/status/CMStatusChangeServer$Listener
instanceKlass com/mathworks/sourcecontrol/ActionStatusDisplay$4
instanceKlass com/mathworks/sourcecontrol/SCInfoBar$2$2
instanceKlass com/mathworks/sourcecontrol/MLApplicationInteractor$1$1
instanceKlass com/mathworks/cmlink/util/decoration/CMAdapterRepetitiveDecorator$13
instanceKlass com/mathworks/sourcecontrol/ActionStatusDisplay$3
instanceKlass com/mathworks/sourcecontrol/SCInfoBar$2$1
instanceKlass com/mathworks/cmlink/api/resources/CMResources
instanceKlass com/mathworks/cmlink/management/queue/CMQueue$Task
instanceKlass com/mathworks/cmlink/management/queue/CMQueue$2
instanceKlass com/mathworks/cmlink/management/queue/CMAdapterQueued$16
instanceKlass com/mathworks/cmlink/management/logging/CmLinkLoggingCallableProcessor
instanceKlass com/mathworks/cmlink/implementations/git/GitProgressResettingAdapter$1
instanceKlass com/mathworks/cmlink/util/events/CMAdapterDecorator
instanceKlass com/mathworks/cmlink/util/decoration/CallableProcessor
instanceKlass org/eclipse/jgit/api/ListTagCommand$1
instanceKlass org/eclipse/jgit/lib/InflaterCache
instanceKlass org/eclipse/jgit/util/RefMap$SetIterator
instanceKlass java/util/AbstractMap$2$1
instanceKlass java/util/stream/ReduceOps$Box
instanceKlass java/util/stream/ReduceOps$AccumulatingSink
instanceKlass java/util/stream/TerminalSink
instanceKlass java/util/stream/ReduceOps$ReduceOp
instanceKlass java/util/stream/ReduceOps
instanceKlass java/util/stream/Collectors$$Lambda$55
instanceKlass java/util/stream/Collectors$$Lambda$54
instanceKlass java/util/stream/Collectors$$Lambda$53
instanceKlass java/lang/invoke/LambdaForm$DMH
instanceKlass java/util/stream/Collectors$$Lambda$52
instanceKlass java/util/stream/Collectors$CollectorImpl
instanceKlass java/util/stream/Collector
instanceKlass java/util/stream/Collectors
instanceKlass java/util/Spliterators$IteratorSpliterator
instanceKlass java/util/Spliterators$EmptySpliterator
instanceKlass java/util/Spliterators
instanceKlass org/eclipse/jgit/lib/RefComparator
instanceKlass org/eclipse/jgit/internal/storage/file/LockFile$1
instanceKlass org/eclipse/jgit/internal/storage/file/LockFile
instanceKlass org/eclipse/jgit/util/RefList$Builder
instanceKlass org/eclipse/jgit/internal/storage/file/RefDirectory$LooseScanner
instanceKlass org/eclipse/jgit/treewalk/filter/TreeFilter
instanceKlass org/eclipse/jgit/revwalk/filter/RevFilter
instanceKlass org/eclipse/jgit/lib/ObjectIdOwnerMap
instanceKlass org/eclipse/jgit/lib/ObjectIdSet
instanceKlass org/eclipse/jgit/internal/storage/file/DeltaBaseCache
instanceKlass org/eclipse/jgit/internal/storage/file/WindowCache$Lock
instanceKlass org/eclipse/jgit/storage/file/WindowCacheConfig
instanceKlass org/eclipse/jgit/internal/storage/file/ByteWindow
instanceKlass org/eclipse/jgit/internal/storage/file/WindowCache
instanceKlass org/eclipse/jgit/lib/BitmapIndex
instanceKlass org/eclipse/jgit/lib/AsyncObjectSizeQueue
instanceKlass org/eclipse/jgit/lib/AsyncObjectLoaderQueue
instanceKlass org/eclipse/jgit/revwalk/AsyncRevObjectQueue
instanceKlass org/eclipse/jgit/lib/AsyncOperation
instanceKlass org/eclipse/jgit/revwalk/Generator
instanceKlass org/eclipse/jgit/revwalk/RevWalk
instanceKlass org/eclipse/jgit/api/GitCommand
instanceKlass com/mathworks/cmlink/implementations/git/branch/RemoteInfo
instanceKlass com/mathworks/cmlink/implementations/git/exception/GitExceptionHandler
instanceKlass com/mathworks/cmlink/management/path/OsgiDirectoryUpdateController$1
instanceKlass com/mathworks/toolbox/slprojectsimulink/filemanagement/SimulinkDirectoryUpdateControllerFactory$1
instanceKlass com/mathworks/toolbox/slprojectsimulink/filemanagement/SimulinkDirectoryUpdateControllerFactory$$Lambda$51
instanceKlass com/mathworks/toolbox/slprojectsimulink/filemanagement/SimulinkDirectoryUpdateControllerFactory$DirtyFileCheck
instanceKlass com/mathworks/toolbox/shared/computils/collections/ListTransformer$DefaultListFactory
instanceKlass com/mathworks/toolbox/shared/computils/collections/ListTransformer$1
instanceKlass org/apache/commons/collections15/Factory
instanceKlass com/mathworks/toolbox/shared/computils/collections/ListTransformer
instanceKlass com/mathworks/cmlink/management/path/OsgiDirectoryUpdateController$$Lambda$50
instanceKlass com/mathworks/cmlink/management/path/PathTrimmer
instanceKlass com/mathworks/cmlink/management/path/PathDisablingAction
instanceKlass com/mathworks/toolbox/slprojectsimulink/filemanagement/SimulinkDirectoryUpdateControllerFactory
instanceKlass com/mathworks/cmlink/management/path/OsgiDirectoryUpdateController
instanceKlass com/mathworks/cmlink/implementations/git/branch/BranchPointer
instanceKlass com/mathworks/cmlink/implementations/git/branch/BasicBranchManager
instanceKlass com/mathworks/cmlink/implementations/git/branch/ExternalEditManagingBranchManager$Task
instanceKlass com/mathworks/cmlink/management/path/ExceptionSpecificCallable
instanceKlass com/mathworks/cmlink/management/path/DirectoryUpdateController
instanceKlass com/mathworks/cmlink/implementations/git/branch/BranchManagerDecorator
instanceKlass com/mathworks/cmlink/implementations/git/customizations/GitActionSet
instanceKlass com/mathworks/cmlink/implementations/git/branch/BranchManager
instanceKlass com/mathworks/cmlink/implementations/git/GitAdapter$1
instanceKlass com/mathworks/cmlink/implementations/git/event/StatusChangeBroadcaster
instanceKlass com/mathworks/cmlink/implementations/git/head/HeadCommitInformationProviderBase
instanceKlass com/mathworks/cmlink/implementations/git/GitExternalChangeDetector$1
instanceKlass com/mathworks/cmlink/implementations/git/GitExternalChangeDetector$Listener
instanceKlass com/mathworks/cmlink/implementations/git/task/GitTaskScheduler$1
instanceKlass com/mathworks/cmlink/implementations/git/task/GitTaskScheduler
instanceKlass com/mathworks/cmlink/implementations/git/GitExternalChangeDetector$GitExternalChangeResponse
instanceKlass com/mathworks/toolbox/cmlinkutils/file/watch/KeyHandlingFolderWatchDecorator
instanceKlass com/mathworks/toolbox/cmlinkutils/util/UUIDGenerator
instanceKlass sun/nio/fs/WindowsWatchService$FileKey
instanceKlass sun/nio/fs/AbstractPoller$2
instanceKlass sun/nio/fs/AbstractPoller$Request
instanceKlass java/nio/file/WatchEvent$Modifier
instanceKlass java/nio/file/Files$3
instanceKlass java/nio/file/FileTreeWalker$Event
instanceKlass java/nio/file/FileTreeWalker$DirectoryNode
instanceKlass java/nio/file/FileTreeWalker
instanceKlass java/nio/file/SimpleFileVisitor
instanceKlass com/mathworks/toolbox/cmlinkutils/file/watch/BasicKeyHandlingFolderWatch
instanceKlass com/mathworks/toolbox/cmlinkutils/file/watch/KeyHandlingFolderWatch
instanceKlass com/mathworks/toolbox/shared/computils/threads/WrappingExecutorService$WrappedRunnable
instanceKlass com/mathworks/cmlink/implementations/git/GitSingletonFileWatcherService$1
instanceKlass com/mathworks/toolbox/cmlinkutils/file/watch/FileWatcherExecutor$1
instanceKlass com/mathworks/toolbox/cmlinkutils/file/watch/FileWatcherExecutor
instanceKlass sun/nio/fs/AbstractPoller$1
instanceKlass sun/nio/fs/AbstractPoller
instanceKlass java/nio/file/StandardWatchEventKinds$StdWatchEventKind
instanceKlass java/nio/file/WatchEvent$Kind
instanceKlass java/nio/file/StandardWatchEventKinds
instanceKlass sun/nio/fs/AbstractWatchKey$Event
instanceKlass java/nio/file/WatchEvent
instanceKlass sun/nio/fs/AbstractWatchKey
instanceKlass java/nio/file/WatchKey
instanceKlass java/util/concurrent/BlockingDeque
instanceKlass sun/nio/fs/AbstractWatchService
instanceKlass java/nio/file/WatchService
instanceKlass com/mathworks/toolbox/shared/computils/file/FileUtil$FileParts
instanceKlass com/mathworks/toolbox/shared/computils/file/FileUtil
instanceKlass com/mathworks/toolbox/cmlinkutils/logging/LogWriter
instanceKlass com/mathworks/toolbox/cmlinkutils/logging/FileBasedLogWriterFactory
instanceKlass com/mathworks/toolbox/cmlinkutils/logging/CompUtilsLogger
instanceKlass com/mathworks/cmlink/util/logging/CmLinkLoggingPreference$1
instanceKlass com/mathworks/cmlink/util/logging/CmLinkLoggerContainer
instanceKlass com/mathworks/toolbox/cmlinkutils/file/watch/PooledFileWatcherProvider
instanceKlass com/mathworks/toolbox/cmlinkutils/logging/LogWriterFactory
instanceKlass com/mathworks/toolbox/cmlinkutils/file/watch/FileWatcherService
instanceKlass com/mathworks/cmlink/implementations/git/GitSingletonFileWatcherService
instanceKlass com/mathworks/toolbox/cmlinkutils/file/watch/FolderWatch
instanceKlass com/mathworks/toolbox/cmlinkutils/file/watch/FolderWatch$Listener
instanceKlass com/mathworks/cmlink/implementations/git/GitExternalChangeDetector
instanceKlass com/mathworks/toolbox/cmlinkutils/file/watch/Disableable
instanceKlass com/mathworks/cmlink/implementations/git/GitPathInfo
instanceKlass com/mathworks/cmlink/implementations/git/progress/GitProgressMonitor$1
instanceKlass com/mathworks/cmlink/implementations/git/progress/GitProgressMonitor
instanceKlass com/mathworks/cmlink/management/queue/CMAdapterFactoryQueued$2
instanceKlass com/mathworks/cmlink/util/slx/MdlToSlxAwareCMAdapterFactoryProvider$1
instanceKlass com/mathworks/cmlink/util/adapter/InternalCMAdapterFactoryDecorator
instanceKlass org/eclipse/jgit/lib/RepositoryCache$1
instanceKlass org/eclipse/jgit/lib/internal/WorkQueue$2
instanceKlass org/eclipse/jgit/lib/internal/WorkQueue$1
instanceKlass org/eclipse/jgit/lib/internal/WorkQueue
instanceKlass org/eclipse/jgit/lib/RepositoryCacheConfig
instanceKlass org/eclipse/jgit/lib/RepositoryCache$Lock
instanceKlass org/eclipse/jgit/lib/RepositoryCache
instanceKlass org/eclipse/jgit/internal/storage/file/UnpackedObjectCache$Table
instanceKlass org/eclipse/jgit/internal/storage/file/UnpackedObjectCache
instanceKlass org/eclipse/jgit/internal/storage/file/PackFile
instanceKlass org/eclipse/jgit/internal/storage/file/ObjectDirectory$PackList
instanceKlass org/eclipse/jgit/internal/storage/pack/StoredObjectRepresentation
instanceKlass org/eclipse/jgit/internal/storage/file/ObjectDirectory$AlternateHandle
instanceKlass org/eclipse/jgit/internal/storage/pack/ObjectReuseAsIs
instanceKlass org/eclipse/jgit/lib/ObjectReader
instanceKlass org/eclipse/jgit/lib/ObjectInserter
instanceKlass org/eclipse/jgit/lib/ObjectIdRef
instanceKlass org/eclipse/jgit/lib/BatchRefUpdate
instanceKlass org/eclipse/jgit/internal/storage/file/RefDirectory$LooseRef
instanceKlass org/eclipse/jgit/lib/RefRename
instanceKlass org/eclipse/jgit/lib/RefUpdate
instanceKlass org/eclipse/jgit/util/RefList
instanceKlass org/eclipse/jgit/lib/Ref
instanceKlass org/eclipse/jgit/events/ListenerHandle
instanceKlass org/eclipse/jgit/internal/storage/file/FileRepository$2
instanceKlass java/lang/ProcessImpl$2
instanceKlass org/eclipse/jgit/util/FS$Holder
instanceKlass org/eclipse/jgit/util/StringUtils
instanceKlass org/eclipse/jgit/lib/ConfigSnapshot$LineComparator
instanceKlass org/eclipse/jgit/lib/ConfigLine
instanceKlass org/eclipse/jgit/lib/Config$StringReader
instanceKlass org/eclipse/jgit/util/NB
instanceKlass org/eclipse/jgit/util/FileUtils
instanceKlass org/eclipse/jgit/internal/storage/file/FileSnapshot
instanceKlass org/eclipse/jgit/lib/ConfigSnapshot
instanceKlass org/eclipse/jgit/lib/DefaultTypedConfigGetter
instanceKlass org/eclipse/jgit/lib/TypedConfigGetter
instanceKlass org/eclipse/jgit/events/ListenerList
instanceKlass org/eclipse/jgit/attributes/AttributesNodeProvider
instanceKlass org/eclipse/jgit/events/RepositoryEvent
instanceKlass org/eclipse/jgit/lib/ReflogReader
instanceKlass org/eclipse/jgit/lib/RefDatabase
instanceKlass org/eclipse/jgit/events/ConfigChangedListener
instanceKlass org/eclipse/jgit/events/IndexChangedListener
instanceKlass org/eclipse/jgit/events/RepositoryListener
instanceKlass org/eclipse/jgit/lib/BaseRepositoryBuilder
instanceKlass org/eclipse/jgit/util/IO
instanceKlass org/eclipse/jgit/lib/RepositoryCache$FileKey
instanceKlass org/eclipse/jgit/lib/RepositoryCache$Key
instanceKlass org/eclipse/jgit/util/FS_Win32_Cygwin$1
instanceKlass org/eclipse/jgit/util/SystemReader$1
instanceKlass org/eclipse/jgit/util/MutableInteger
instanceKlass org/eclipse/jgit/util/RawParseUtils
instanceKlass org/eclipse/jgit/lib/Constants
instanceKlass org/eclipse/jgit/lib/ObjectChecker
instanceKlass org/eclipse/jgit/lib/Config
instanceKlass org/eclipse/jgit/util/time/MonotonicClock
instanceKlass org/eclipse/jgit/util/SystemReader
instanceKlass org/eclipse/jgit/util/FS$FSFactory
instanceKlass org/eclipse/jgit/treewalk/WorkingTreeIterator$Entry
instanceKlass org/apache/logging/log4j/spi/AbstractLoggerAdapter
instanceKlass org/apache/logging/log4j/spi/LoggerAdapter
instanceKlass org/apache/log4j/Category
instanceKlass org/apache/log4j/LogManager$Repository
instanceKlass org/apache/log4j/or/RendererSupport
instanceKlass org/apache/log4j/spi/LoggerRepository
instanceKlass org/apache/log4j/LogManager
instanceKlass org/slf4j/helpers/NamedLoggerBase
instanceKlass org/slf4j/spi/LocationAwareLogger
instanceKlass org/slf4j/impl/Log4jLoggerFactory
instanceKlass org/apache/log4j/Priority
instanceKlass org/slf4j/impl/StaticLoggerBinder
instanceKlass org/slf4j/spi/LoggerFactoryBinder
instanceKlass org/slf4j/helpers/Util
instanceKlass org/slf4j/helpers/NOPLoggerFactory
instanceKlass org/slf4j/Logger
instanceKlass org/slf4j/helpers/SubstituteLoggerFactory
instanceKlass org/slf4j/event/LoggingEvent
instanceKlass org/slf4j/ILoggerFactory
instanceKlass org/slf4j/LoggerFactory
instanceKlass com/mathworks/cmlink/implementations/git/customizations/pull/HybridPullActionFactory
instanceKlass java/util/function/UnaryOperator
instanceKlass org/eclipse/jgit/api/Git
instanceKlass com/mathworks/cmlink/implementations/git/GitAdapter$FilePattern
instanceKlass com/mathworks/toolbox/shared/computils/collections/SafeTransformer
instanceKlass com/mathworks/cmlink/implementations/git/submodule/SubmoduleManager
instanceKlass org/eclipse/jgit/lib/ProgressMonitor
instanceKlass com/mathworks/cmlink/api/ConflictedRevisions
instanceKlass com/mathworks/cmlink/api/Revision
instanceKlass org/eclipse/jgit/lib/AnyObjectId
instanceKlass com/mathworks/cmlink/implementations/git/customizations/GitCoreAction
instanceKlass com/mathworks/cmlink/api/customization/CoreAction
instanceKlass com/mathworks/toolbox/shared/computils/collections/Transformer
instanceKlass com/mathworks/cmlink/implementations/git/customizations/GitCoreActionFactory
instanceKlass com/mathworks/cmlink/implementations/git/head/HeadCommitInformationProvider
instanceKlass com/mathworks/cmlink/implementations/git/GitInteractor
instanceKlass java/awt/geom/EllipseIterator
instanceKlass com/mathworks/explorer/MATFileDetailPanel
instanceKlass com/mathworks/mlwidgets/explorer/widgets/table/FileTable$5$1
instanceKlass com/mathworks/mlwidgets/explorer/model/table/UiFileList$5
instanceKlass com/mathworks/widgets/grouptable/GroupingTable$4
instanceKlass com/mathworks/mlwidgets/explorer/widgets/address/LocationTypingModeComponent$7$1
instanceKlass com/mathworks/jmi/MatlabPath$CwdChangeWhenAtPrompt$1
instanceKlass com/mathworks/jmi/MatlabPath$CwdChangeWhenAtPrompt
instanceKlass com/mathworks/mde/explorer/Explorer$18$2
instanceKlass com/mathworks/mvm/exec/MvmSwingWorker$1
instanceKlass java/awt/Event
instanceKlass com/mathworks/install/InstalledProduct
instanceKlass com/mathworks/install_impl/usage/CustomerFacingUsageStrategy
instanceKlass com/mathworks/install/usage/UsageStrategy
instanceKlass com/mathworks/install_impl/usage/UsageStrategyFactory
instanceKlass com/mathworks/install_impl/InstallableProductImpl$InstallableComponentVisitor
instanceKlass org/jdom/output/Format$DefaultEscapeStrategy
instanceKlass org/jdom/output/Format$TextMode
instanceKlass org/jdom/output/EscapeStrategy
instanceKlass org/jdom/output/Format
instanceKlass org/jdom/output/NamespaceStack
instanceKlass org/jdom/output/XMLOutputter
instanceKlass com/mathworks/install_impl/ComponentContainerImpl$ComponentDataFlyweight
instanceKlass com/mathworks/install_impl/ProductImpl
instanceKlass com/mathworks/install_impl/UninstallerComponentContainerHandler
instanceKlass com/mathworks/install_impl/AbstractFileListParser
instanceKlass com/mathworks/install/FileListParser
instanceKlass com/mathworks/install/OwningProductResponse
instanceKlass com/mathworks/install_impl/InstalledProductDataImpl$FileCollectionVisitor
instanceKlass com/mathworks/install_impl/InstalledProductDataImpl
instanceKlass com/google/inject/internal/InjectorImpl$2$1
instanceKlass com/google/inject/internal/CircularDependencyProxy
instanceKlass com/google/inject/internal/ProviderToInternalFactoryAdapter$1
instanceKlass com/google/common/collect/TransformedIterator
instanceKlass com/google/common/collect/AbstractMapBasedMultimap$AsMap$AsMapIterator
instanceKlass com/google/inject/internal/InternalContext$DependencyStack
instanceKlass com/google/inject/internal/InternalContext
instanceKlass com/google/inject/internal/InternalInjectorCreator$1
instanceKlass com/google/common/collect/Iterators$ConcatenatedIterator
instanceKlass com/google/common/collect/FluentIterable
instanceKlass com/google/common/collect/Iterables
instanceKlass java/lang/reflect/WeakCache$LookupValue
instanceKlass com/google/inject/internal/InjectorImpl$2
instanceKlass com/mathworks/install/command/NativeDotNet
instanceKlass java/lang/Process
instanceKlass java/lang/ProcessBuilder
instanceKlass com/mathworks/install/input/DeltaData
instanceKlass com/mathworks/install/input/ComponentData
instanceKlass com/mathworks/install/input/ProductData
instanceKlass com/mathworks/install/input/ComponentURLProvider
instanceKlass com/mathworks/install/input/InstallationInputFile
instanceKlass com/mathworks/install/udc/UdcResourceKey
instanceKlass com/mathworks/instutil/InstallerDownloadURLInfo
instanceKlass com/mathworks/install/InputStreamProvider
instanceKlass com/mathworks/install/input/Contents
instanceKlass com/google/inject/internal/cglib/core/$EmitUtils$16
instanceKlass com/google/inject/internal/cglib/core/$EmitUtils$15
instanceKlass java/lang/Deprecated
instanceKlass java/util/function/BiConsumer
instanceKlass com/google/inject/util/Types
instanceKlass com/mathworks/install_impl/ProductInstallerImpl$ComponentVisitor
instanceKlass com/mathworks/install/ComponentAggregator
instanceKlass com/mathworks/install_impl/XMLParserImpl
instanceKlass com/mathworks/install/XMLParser
instanceKlass com/mathworks/install/ComponentContainerHandler
instanceKlass sun/reflect/annotation/AnnotationInvocationHandler$1
instanceKlass com/google/inject/internal/DefaultConstructionProxyFactory$2
instanceKlass com/mathworks/install/InstallableComponent
instanceKlass com/mathworks/install/input/ComponentSourceProvider
instanceKlass com/mathworks/install_impl/InstallableProductImpl
instanceKlass com/mathworks/install/InstallableProduct
instanceKlass com/mathworks/install/ComponentData
instanceKlass com/google/inject/internal/SingleParameterInjector
instanceKlass com/google/inject/internal/DefaultConstructionProxyFactory$1
instanceKlass com/google/inject/internal/cglib/reflect/$FastMember
instanceKlass com/google/inject/internal/DefaultConstructionProxyFactory
instanceKlass com/google/inject/internal/ConstructorInjector
instanceKlass com/google/inject/internal/ConstructionProxy
instanceKlass com/google/inject/internal/cglib/proxy/$CallbackFilter
instanceKlass com/google/inject/internal/ProxyFactory
instanceKlass com/google/inject/internal/MembersInjectorImpl
instanceKlass com/google/inject/internal/EncounterImpl
instanceKlass com/google/inject/internal/ConstructorBindingImpl$Factory
instanceKlass com/google/inject/ProvidedBy
instanceKlass com/google/inject/ImplementedBy
instanceKlass com/google/inject/internal/ProvisionListenerStackCallback$ProvisionCallback
instanceKlass com/google/inject/internal/ProviderInternalFactory
instanceKlass com/google/inject/spi/ProvidesMethodTargetVisitor
instanceKlass com/google/inject/internal/ProvisionListenerStackCallback
instanceKlass com/google/inject/internal/ProvisionListenerCallbackStore$KeyBinding
instanceKlass com/google/inject/internal/InternalFactoryToProviderAdapter
instanceKlass com/google/inject/internal/CycleDetectingLock$CycleDetectingLockFactory$ReentrantCycleDetectingLock
instanceKlass com/google/inject/internal/ConstructionContext
instanceKlass com/google/inject/internal/SingletonScope$1
instanceKlass com/google/inject/internal/ProviderToInternalFactoryAdapter
instanceKlass com/google/inject/internal/FactoryProxy
instanceKlass com/google/inject/internal/util/Classes
instanceKlass com/google/inject/spi/ExposedBinding
instanceKlass com/google/inject/internal/CreationListener
instanceKlass com/google/inject/internal/InjectorShell$LoggerFactory
instanceKlass com/google/inject/internal/InjectorShell$InjectorFactory
instanceKlass com/google/inject/internal/Initializables$1
instanceKlass com/google/inject/internal/Initializables
instanceKlass com/google/inject/internal/ConstantFactory
instanceKlass com/google/inject/internal/InjectorShell
instanceKlass com/google/inject/internal/ProvisionListenerCallbackStore
instanceKlass com/google/inject/spi/TypeEncounter
instanceKlass com/google/inject/internal/SingleMemberInjector
instanceKlass com/google/inject/internal/MembersInjectorStore
instanceKlass com/google/inject/internal/TypeConverterBindingProcessor$4
instanceKlass com/google/inject/internal/TypeConverterBindingProcessor$2
instanceKlass com/google/inject/internal/TypeConverterBindingProcessor$1
instanceKlass com/google/inject/spi/TypeConverterBinding
instanceKlass com/google/inject/matcher/AbstractMatcher
instanceKlass com/google/inject/matcher/Matchers
instanceKlass com/google/inject/internal/TypeConverterBindingProcessor$5
instanceKlass com/google/inject/internal/ConstructionProxyFactory
instanceKlass com/google/inject/internal/FailableCache
instanceKlass com/google/inject/internal/ConstructorInjectorStore
instanceKlass com/google/inject/internal/DeferredLookups
instanceKlass com/google/inject/internal/InjectorImpl$BindingsMultimap
instanceKlass com/google/inject/spi/ProviderBinding
instanceKlass com/google/inject/spi/ConvertedConstantBinding
instanceKlass com/google/inject/internal/InjectorImpl
instanceKlass com/google/inject/internal/Lookups
instanceKlass com/google/inject/internal/InjectorImpl$InjectorOptions
instanceKlass com/google/inject/spi/DefaultBindingScopingVisitor
instanceKlass com/mathworks/install_impl/InstalledProductFactory$InstallerWorkSpace$1$5
instanceKlass com/mathworks/instutil/IOObserver
instanceKlass com/mathworks/install_impl/InstalledProductFactory$InstallerWorkSpace$1$4
instanceKlass com/mathworks/install_impl/InstalledProductFactory$InstallerWorkSpace$1$3
instanceKlass com/mathworks/install/InstallFlowControlHandler
instanceKlass com/mathworks/install_impl/InstalledProductFactory$InstallerWorkSpace$1$2
instanceKlass com/mathworks/install/archive/Archive
instanceKlass com/mathworks/install_impl/InstalledProductFactory$InstallerWorkSpace$1$1
instanceKlass sun/util/locale/provider/TimeZoneNameUtility$TimeZoneNameGetter
instanceKlass sun/util/locale/provider/TimeZoneNameUtility
instanceKlass com/mathworks/instutil/logging/AbstractAppLogger
instanceKlass com/mathworks/instutil/ExecutorServiceManagerImpl
instanceKlass com/mathworks/instutil/Downloader
instanceKlass sun/misc/ProxyGenerator$1
instanceKlass com/mathworks/instutil/ExecutorServiceManager
instanceKlass com/mathworks/install_impl/command/DotNetFrameworkImpl
instanceKlass com/mathworks/install/command/DotNetFramework
instanceKlass com/mathworks/instutil/ProcessExecutorImpl
instanceKlass com/mathworks/instutil/ProcessExecutor
instanceKlass com/mathworks/instutil/MWNativeLibraryLoader
instanceKlass com/mathworks/instutil/logging/AppLogger
instanceKlass com/mathworks/instutil/WinTaskSchedulerImpl
instanceKlass com/mathworks/instutil/WinTaskScheduler
instanceKlass com/mathworks/install_impl/ApplicationSpecificCommandAdapter
instanceKlass com/mathworks/install/ApplicationSpecificCommand
instanceKlass com/mathworks/install_impl/InstallOptionProviderImpl
instanceKlass com/mathworks/install/InstallOptionProvider
instanceKlass com/mathworks/install/CommandContainer
instanceKlass com/mathworks/instutil/LicenseNumberProvider
instanceKlass com/mathworks/install_impl/input/UpdateComponentContainerImpl
instanceKlass com/mathworks/install/UpdateComponentContainer
instanceKlass com/mathworks/install_impl/input/UpdateProductContainerImpl
instanceKlass com/mathworks/install/UpdateProductContainer
instanceKlass com/mathworks/install_impl/input/JSONInstallationFileParserImpl
instanceKlass com/mathworks/install/JSONInstallationFileParser
instanceKlass com/mathworks/install_impl/input/AbstractInstallationInputFileStrategy
instanceKlass com/mathworks/install/input/InstallationInputFileStrategy
instanceKlass com/mathworks/install_impl/input/InstallationInputFileFactoryImpl
instanceKlass com/mathworks/install/input/InstallationInputFileFactory
instanceKlass com/mathworks/install/input/ComponentSourceFactory
instanceKlass com/google/inject/internal/MoreTypes$WildcardTypeImpl
instanceKlass com/google/inject/internal/MoreTypes$GenericArrayTypeImpl
instanceKlass sun/reflect/generics/reflectiveObjects/GenericArrayTypeImpl
instanceKlass sun/reflect/generics/tree/VoidDescriptor
instanceKlass sun/reflect/generics/tree/ArrayTypeSignature
instanceKlass com/google/inject/internal/MoreTypes$ParameterizedTypeImpl
instanceKlass com/google/inject/internal/MoreTypes$CompositeType
instanceKlass com/google/inject/internal/asm/$Handler
instanceKlass com/google/inject/internal/cglib/reflect/$FastClassEmitter$4
instanceKlass com/google/inject/internal/cglib/core/$Block
instanceKlass com/google/inject/internal/cglib/core/$EmitUtils$14
instanceKlass com/google/inject/internal/cglib/core/$EmitUtils$13
instanceKlass com/google/inject/internal/cglib/core/$EmitUtils$12
instanceKlass com/google/inject/internal/cglib/core/$EmitUtils$11
instanceKlass com/google/inject/internal/cglib/core/$EmitUtils$10
instanceKlass com/google/inject/internal/cglib/reflect/$FastClassEmitter$GetIndexCallback
instanceKlass com/google/inject/internal/cglib/core/$MethodInfoTransformer
instanceKlass com/google/inject/internal/cglib/core/$EmitUtils$6
instanceKlass com/google/inject/internal/cglib/core/$EmitUtils$5
instanceKlass com/google/inject/internal/cglib/reflect/$FastClassEmitter$3
instanceKlass com/google/inject/internal/cglib/reflect/$FastClassEmitter$1
instanceKlass com/google/inject/internal/asm/$Context
instanceKlass com/google/inject/internal/asm/$Attribute
instanceKlass com/google/inject/internal/cglib/core/$ClassNameReader
instanceKlass com/google/inject/internal/asm/$ClassReader
instanceKlass com/google/inject/internal/cglib/core/$DebuggingClassWriter$1
instanceKlass com/google/inject/internal/cglib/core/$EmitUtils$9
instanceKlass com/google/inject/internal/cglib/core/$EmitUtils$8
instanceKlass com/google/inject/internal/cglib/core/$Local
instanceKlass com/google/inject/internal/cglib/core/$EmitUtils$7
instanceKlass com/google/inject/internal/asm/$Edge
instanceKlass com/google/inject/internal/cglib/core/$ClassEmitter$FieldInfo
instanceKlass com/google/inject/internal/cglib/core/$EmitUtils$ArrayDelimiters
instanceKlass com/google/inject/internal/cglib/core/$ProcessArrayCallback
instanceKlass com/google/inject/internal/cglib/core/$EmitUtils$ParameterTyper
instanceKlass com/google/inject/internal/cglib/core/$EmitUtils
instanceKlass com/google/inject/internal/cglib/core/$KeyFactory$2
instanceKlass com/google/inject/internal/cglib/core/$KeyFactory$1
instanceKlass com/google/inject/internal/cglib/core/$Customizer
instanceKlass com/google/inject/internal/cglib/core/$KeyFactory
instanceKlass com/google/inject/internal/cglib/core/$MethodWrapper$MethodWrapperKey
instanceKlass com/google/inject/internal/cglib/core/$MethodWrapper
instanceKlass com/google/inject/internal/cglib/core/$DuplicatesPredicate
instanceKlass com/google/inject/spi/TypeListener
instanceKlass com/google/inject/spi/ProvisionListener
instanceKlass com/google/inject/spi/TypeConverter
instanceKlass org/aopalliance/intercept/MethodInterceptor
instanceKlass org/aopalliance/intercept/Interceptor
instanceKlass org/aopalliance/aop/Advice
instanceKlass com/google/inject/matcher/Matcher
instanceKlass com/google/inject/spi/Message
instanceKlass com/google/inject/MembersInjector
instanceKlass java/lang/AssertionStatusDirectives
instanceKlass com/google/inject/internal/cglib/core/$ReflectUtils$2
instanceKlass com/google/inject/internal/cglib/core/$ReflectUtils$1
instanceKlass com/google/inject/internal/cglib/core/$ReflectUtils
instanceKlass com/google/inject/internal/cglib/core/$VisibilityPredicate
instanceKlass com/google/inject/internal/asm/$Frame
instanceKlass com/google/inject/internal/cglib/core/$LocalVariablesSorter$State
instanceKlass com/google/inject/internal/cglib/core/$MethodInfo
instanceKlass com/google/inject/internal/asm/$Label
instanceKlass com/google/inject/internal/cglib/core/$AbstractClassGenerator$1
instanceKlass com/google/inject/internal/cglib/core/$Constants
instanceKlass com/google/inject/internal/asm/$Opcodes
instanceKlass com/google/inject/internal/asm/$Type
instanceKlass com/google/inject/internal/cglib/core/$Signature
instanceKlass com/google/inject/internal/cglib/core/$CollectionUtils
instanceKlass com/google/inject/internal/cglib/core/$TypeUtils
instanceKlass com/google/inject/internal/cglib/core/$ProcessSwitchCallback
instanceKlass com/google/inject/internal/cglib/core/$Transformer
instanceKlass com/google/inject/internal/cglib/core/$ObjectSwitchCallback
instanceKlass com/google/inject/internal/cglib/core/$ClassInfo
instanceKlass com/google/inject/internal/asm/$Item
instanceKlass com/google/inject/internal/asm/$ByteVector
instanceKlass com/google/inject/internal/asm/$FieldVisitor
instanceKlass com/google/inject/internal/asm/$AnnotationVisitor
instanceKlass com/google/inject/internal/asm/$MethodVisitor
instanceKlass com/google/inject/internal/asm/$ClassVisitor
instanceKlass com/google/inject/internal/cglib/core/$DefaultGeneratorStrategy
instanceKlass com/google/inject/internal/cglib/reflect/$FastClass
instanceKlass com/google/inject/internal/cglib/core/$AbstractClassGenerator$Source
instanceKlass com/google/inject/internal/cglib/core/$Predicate
instanceKlass com/google/inject/internal/cglib/core/$GeneratorStrategy
instanceKlass com/google/inject/internal/cglib/core/$DefaultNamingPolicy
instanceKlass com/google/inject/internal/cglib/core/$AbstractClassGenerator
instanceKlass com/google/inject/internal/cglib/core/$ClassGenerator
instanceKlass com/google/inject/internal/cglib/core/$NamingPolicy
instanceKlass com/google/inject/internal/BytecodeGen
instanceKlass com/google/inject/Exposed
instanceKlass com/google/inject/internal/ProviderMethod
instanceKlass com/google/inject/spi/ProvidesMethodBinding
instanceKlass com/google/inject/spi/ProviderWithExtensionVisitor
instanceKlass com/google/inject/spi/ProviderLookup$1
instanceKlass com/google/inject/spi/ProviderWithDependencies
instanceKlass com/google/inject/spi/ProviderLookup
instanceKlass com/google/inject/spi/Dependency
instanceKlass com/google/inject/internal/Nullability
instanceKlass com/mathworks/install_impl/archive/zip/commonscompress/CommonsCompressArchiveFactory
instanceKlass com/mathworks/install/archive/ArchiveFactory
instanceKlass com/mathworks/install_impl/DefaultProductCorrelatorImpl
instanceKlass com/mathworks/install/ProductCorrelator
instanceKlass com/mathworks/install/udc/NoOpUsageDataCollectorImpl
instanceKlass com/mathworks/install/udc/UsageDataCollector
instanceKlass com/mathworks/install_impl/InstallerDownloadInfoContainerImpl
instanceKlass com/mathworks/install/InstallerDownloadInfoContainer
instanceKlass com/mathworks/install_impl/XMLParseStrategyForInstall
instanceKlass com/mathworks/install/XMLParseStrategy
instanceKlass com/mathworks/install_impl/ProductDownloaderImpl
instanceKlass com/mathworks/install/ProductDownloader
instanceKlass com/mathworks/install_impl/ContentOptimizerImpl
instanceKlass com/mathworks/install/ContentOptimizer
instanceKlass com/mathworks/install_impl/XMLInstallationFileParserImpl
instanceKlass com/mathworks/install/input/XMLInstallationFileParser
instanceKlass com/mathworks/install_impl/InstalledProductDataVersionImpl
instanceKlass com/mathworks/install/InstalledProductDataVersion
instanceKlass com/mathworks/install/AbstractInstallConfigurationPersistence
instanceKlass com/mathworks/install/InstallConfigurationPersistence
instanceKlass com/mathworks/install/service/ServiceFactory
instanceKlass com/mathworks/install/InstallerRequirements
instanceKlass com/mathworks/instutil/OnlineLicensingDataProvider
instanceKlass com/mathworks/install/command/CommandFactory
instanceKlass com/mathworks/install/Installer
instanceKlass com/mathworks/install/SoftwareManager
instanceKlass com/mathworks/install/Product
instanceKlass com/google/inject/util/Providers$ConstantProvider
instanceKlass com/google/inject/util/Providers
instanceKlass com/google/inject/Inject
instanceKlass javax/inject/Inject
instanceKlass com/google/inject/spi/InjectionPoint$InjectableMembers
instanceKlass com/google/inject/spi/InjectionPoint$InjectableMember
instanceKlass com/google/inject/spi/InjectionPoint
instanceKlass com/mathworks/install_impl/ProductInstallerImpl
instanceKlass com/mathworks/install_impl/status/InstallStatusObserverAdapter
instanceKlass javax/inject/Named
instanceKlass com/google/inject/Key$AnnotationInstanceStrategy
instanceKlass com/google/common/cache/LocalCache$StrongValueReference
instanceKlass com/google/common/util/concurrent/AbstractFuture$Failure
instanceKlass com/google/common/util/concurrent/AbstractFuture$Cancellation
instanceKlass com/google/common/util/concurrent/AbstractFuture$SetFuture
instanceKlass com/google/common/util/concurrent/Uninterruptibles
instanceKlass com/google/common/base/CommonPattern
instanceKlass com/google/common/base/Platform$JdkPatternCompiler
instanceKlass com/google/common/base/PatternCompiler
instanceKlass com/google/common/base/Platform
instanceKlass com/google/common/base/Stopwatch
instanceKlass com/google/common/util/concurrent/AbstractFuture$Waiter
instanceKlass com/google/common/util/concurrent/AbstractFuture$Listener
instanceKlass com/google/common/util/concurrent/AbstractFuture$UnsafeAtomicHelper$1
instanceKlass com/google/common/util/concurrent/AbstractFuture$AtomicHelper
instanceKlass com/google/common/util/concurrent/internal/InternalFutureFailureAccess
instanceKlass com/google/common/util/concurrent/AbstractFuture$Trusted
instanceKlass com/google/common/util/concurrent/ListenableFuture
instanceKlass com/google/common/cache/LocalCache$LoadingValueReference
instanceKlass javax/inject/Qualifier
instanceKlass com/google/inject/BindingAnnotation
instanceKlass javax/inject/Scope
instanceKlass com/google/inject/ScopeAnnotation
instanceKlass com/google/inject/internal/Annotations$AnnotationChecker
instanceKlass com/google/inject/internal/Annotations$3
instanceKlass com/google/common/base/Joiner$MapJoiner
instanceKlass com/google/common/base/Joiner
instanceKlass com/google/inject/internal/Annotations
instanceKlass com/google/inject/name/NamedImpl
instanceKlass com/google/inject/name/Named
instanceKlass com/google/inject/name/Names
instanceKlass com/mathworks/install/status/InstallStatusObserver
instanceKlass com/mathworks/install_impl/XMLParserFactoryImpl
instanceKlass com/mathworks/install/XMLParserFactory
instanceKlass com/mathworks/install_impl/ComponentInstallerImpl
instanceKlass com/mathworks/install/ComponentInstaller
instanceKlass com/mathworks/install_impl/ComponentContainerImpl
instanceKlass com/mathworks/install/ComponentContainer
instanceKlass com/mathworks/install_impl/ProductContainerImpl
instanceKlass com/google/inject/internal/Scoping
instanceKlass com/google/inject/internal/InternalFactory
instanceKlass com/google/inject/spi/ProviderKeyBinding
instanceKlass com/google/inject/spi/ProviderInstanceBinding
instanceKlass com/google/inject/internal/DelayedInitialize
instanceKlass com/google/inject/spi/ConstructorBinding
instanceKlass com/google/inject/spi/InstanceBinding
instanceKlass com/google/inject/spi/HasDependencies
instanceKlass com/google/inject/spi/LinkedKeyBinding
instanceKlass com/google/inject/spi/UntargettedBinding
instanceKlass com/google/inject/internal/BindingImpl
instanceKlass com/google/common/base/Suppliers$MemoizingSupplier
instanceKlass com/google/common/base/Suppliers$NonSerializableMemoizingSupplier
instanceKlass com/google/inject/Key$1
instanceKlass com/google/inject/Key$AnnotationStrategy
instanceKlass com/mathworks/install/ProductContainer
instanceKlass com/google/common/base/Optional
instanceKlass com/google/inject/Provides
instanceKlass com/google/inject/internal/ProviderMethodsModule$Signature
instanceKlass java/util/AbstractMap$SimpleImmutableEntry
instanceKlass com/google/common/collect/ImmutableMap$Builder
instanceKlass com/google/inject/internal/MoreTypes
instanceKlass com/google/inject/TypeLiteral
instanceKlass com/google/inject/spi/ModuleAnnotatedMethodScanner
instanceKlass javax/inject/Singleton
instanceKlass com/google/inject/spi/ElementSource
instanceKlass com/google/inject/spi/ScopeBinding
instanceKlass com/google/inject/Scopes$2
instanceKlass com/google/inject/Scopes$1
instanceKlass com/google/common/collect/AbstractMapEntry
instanceKlass com/google/common/collect/LinkedHashMultimap$ValueSetLink
instanceKlass com/google/common/collect/SetMultimap
instanceKlass com/google/inject/internal/CycleDetectingLock
instanceKlass com/google/inject/internal/CycleDetectingLock$CycleDetectingLockFactory
instanceKlass com/google/inject/Provider
instanceKlass javax/inject/Provider
instanceKlass com/google/inject/internal/SingletonScope
instanceKlass com/google/inject/Scope
instanceKlass com/google/inject/Scopes
instanceKlass com/google/inject/Singleton
instanceKlass com/google/inject/spi/Elements$ModuleInfo
instanceKlass com/google/inject/PrivateModule
instanceKlass com/google/common/collect/MapMaker
instanceKlass com/google/inject/internal/util/StackTraceElements$InMemoryStackTraceElement
instanceKlass com/google/inject/internal/util/StackTraceElements
instanceKlass com/google/inject/spi/ModuleSource
instanceKlass com/google/inject/internal/InternalFlags$1
instanceKlass com/google/inject/internal/InternalFlags
instanceKlass com/google/inject/internal/ProviderMethodsModule
instanceKlass com/google/inject/internal/AbstractBindingBuilder
instanceKlass com/google/inject/binder/ConstantBindingBuilder
instanceKlass com/google/inject/binder/AnnotatedConstantBindingBuilder
instanceKlass com/google/inject/binder/AnnotatedElementBuilder
instanceKlass com/google/inject/binder/AnnotatedBindingBuilder
instanceKlass com/google/inject/binder/LinkedBindingBuilder
instanceKlass com/google/inject/binder/ScopedBindingBuilder
instanceKlass com/google/inject/spi/Elements$RecordingBinder
instanceKlass com/google/inject/PrivateBinder
instanceKlass com/google/inject/Binding
instanceKlass com/google/inject/spi/DefaultBindingTargetVisitor
instanceKlass com/google/inject/spi/BindingTargetVisitor
instanceKlass com/google/inject/spi/Elements
instanceKlass com/google/inject/internal/InjectorShell$RootModule
instanceKlass com/google/inject/internal/WeakKeySet$1
instanceKlass com/google/inject/internal/WeakKeySet
instanceKlass com/google/inject/internal/State$1
instanceKlass com/google/inject/internal/InheritingState
instanceKlass com/google/inject/internal/ProcessedBindingData
instanceKlass com/google/inject/spi/Element
instanceKlass com/google/inject/spi/DefaultElementVisitor
instanceKlass com/google/inject/internal/State
instanceKlass com/google/inject/internal/InjectorShell$Builder
instanceKlass com/google/inject/internal/Initializable
instanceKlass com/google/inject/internal/Initializer
instanceKlass com/google/common/collect/Hashing
instanceKlass com/google/common/collect/ImmutableCollection$Builder
instanceKlass com/google/inject/internal/util/SourceProvider
instanceKlass com/google/inject/Key
instanceKlass com/google/inject/internal/Errors$Converter
instanceKlass com/google/inject/internal/Errors
instanceKlass com/google/inject/internal/util/Stopwatch
instanceKlass com/google/inject/Injector
instanceKlass com/google/inject/internal/ContextualCallable
instanceKlass com/google/inject/internal/InternalInjectorCreator
instanceKlass com/google/inject/Guice
instanceKlass com/google/inject/Binder
instanceKlass com/google/inject/spi/BindingScopingVisitor
instanceKlass com/google/common/math/IntMath$1
instanceKlass com/google/common/math/MathPreconditions
instanceKlass com/google/common/math/IntMath
instanceKlass com/google/common/collect/ImmutableSet$SetBuilderImpl
instanceKlass com/google/inject/util/Modules$RealOverriddenModuleBuilder
instanceKlass com/google/inject/util/Modules$EmptyModule
instanceKlass com/google/inject/spi/ElementVisitor
instanceKlass com/google/inject/util/Modules$OverriddenModuleBuilder
instanceKlass com/google/inject/util/Modules
instanceKlass com/mathworks/install/archive/ArchiveInputStreamExtractor
instanceKlass com/mathworks/install/archive/ArchiveFileExtractor
instanceKlass com/mathworks/install/archive/zip/commonscompress/ArchiveEntryExtractor
instanceKlass com/mathworks/install/InstallOption
instanceKlass com/mathworks/install/command/Command
instanceKlass com/mathworks/install_impl/InstallConfigurationAdapter
instanceKlass com/mathworks/instutil/MinimalProducts
instanceKlass com/mathworks/install/InstalledProductData
instanceKlass com/mathworks/install/DefaultDirectoryProvider
instanceKlass com/mathworks/install/ProductInstaller
instanceKlass com/mathworks/install/InstallerBuilder
instanceKlass com/mathworks/install/SoftwareManagerBuilder
instanceKlass com/mathworks/install/DownloaderBuilderFactory
instanceKlass com/mathworks/install/InstallerFactory
instanceKlass com/mathworks/install/InstalledProductDataFactory
instanceKlass com/mathworks/install/InstallConfiguration
instanceKlass com/mathworks/install_impl/InstalledProductFactory$InstallerWorkSpace
instanceKlass com/mathworks/install_impl/InstalledProductFactory$1
instanceKlass com/mathworks/install_impl/InstalledProductFactory$Task
instanceKlass com/mathworks/install_impl/InstalledProductFactory
instanceKlass com/mathworks/project/impl/util/Matlab
instanceKlass com/mathworks/toolbox/compiler/desktop/toolstrip/DeploytoolClientBuilder
instanceKlass com/mathworks/project/impl/model/Target
instanceKlass com/mathworks/project/impl/model/LicensedObject
instanceKlass com/mathworks/toolbox/compiler/desktop/toolstrip/DeploytoolClientBuilderFactory
instanceKlass com/mathworks/widgets/desk/RecentFiles$Tool
instanceKlass com/mathworks/toolbox/slproject/project/GUI/canvas/toolstrip/ProjectIconSupplier
instanceKlass com/mathworks/toolbox/shared/computils/exceptions/ViewContext
instanceKlass com/mathworks/toolbox/shared/computils/exceptions/ExceptionHandler
instanceKlass com/mathworks/toolbox/slproject/project/GUI/canvas/toolstrip/ProjectOpener
instanceKlass com/mathworks/toolbox/slproject/project/GUI/canvas/toolstrip/ProjectToolsetInitializer$1
instanceKlass com/mathworks/toolbox/slproject/project/GUI/canvas/toolstrip/ProjectToolsetInitializer
instanceKlass com/mathworks/mlwidgets/graphics/PlotToolSetHandler$Extension
instanceKlass com/mathworks/mlwidgets/graphics/PlotToolSetHandler
instanceKlass java/util/concurrent/ConcurrentLinkedQueue$Itr
instanceKlass com/mathworks/mde/desk/MLNotificationUIProvider$1$1$1
instanceKlass com/mathworks/update_notification_subscriber/SubscriberStatusIndicator
instanceKlass com/mathworks/notification_client_util/MatlabNotificationUIQueue
instanceKlass com/mathworks/update_notification_subscriber/UpdateNotificationSubscriber$1
instanceKlass com/mathworks/update_notification_subscriber/UpdateNotificationSubscriber$2
instanceKlass com/mathworks/eps/notificationclient/api/results/CloseResult
instanceKlass com/google/gson/JsonParser
instanceKlass com/mathworks/update_notification_subscriber/UpdateNotificationSubscriber$UpdateInfo
instanceKlass com/mathworks/notification_client_util/UINotification
instanceKlass com/mathworks/eps/notificationclient/impl/CloseResultTask
instanceKlass com/google/gson/internal/LinkedTreeMap$LinkedTreeMapIterator
instanceKlass com/mathworks/eps/notificationclient/messages/response/NotificationImpl
instanceKlass com/mathworks/eps/notificationclient/api/Notification
instanceKlass com/mathworks/eps/notificationclient/messages/response/metadata/GetNotificationsResponseMetadata
instanceKlass com/mathworks/eps/notificationclient/messages/response/AbstractResponseMessage
instanceKlass com/google/gson/internal/bind/TypeAdapters$32
instanceKlass com/mathworks/eps/notificationclient/messages/response/NotificationResponse
instanceKlass com/mathworks/eps/notificationclient/messages/request/NotificationRequest$1
instanceKlass com/mathworks/eps/notificationclient/messages/request/NotificationRequest
instanceKlass com/mathworks/eps/notificationclient/messages/request/NotificationRequest$Builder
instanceKlass com/mathworks/eps/notificationclient/api/results/GetLastMessageResult
instanceKlass com/mathworks/eps/notificationclient/messages/request/AbstractRequestMessage
instanceKlass com/mathworks/eps/notificationclient/messages/request/metadata/NotificationRequestMetadata
instanceKlass com/mathworks/eps/notificationclient/impl/GetNotificationsRequest
instanceKlass com/google/gson/internal/LinkedTreeMap$Node
instanceKlass com/google/gson/internal/LinkedTreeMap$1
instanceKlass com/mathworks/eps/notificationclient/messages/response/authnz/GetTokenInfoResponseMetadata
instanceKlass com/mathworks/eps/notificationclient/messages/response/authnz/GetAPSTokenResponseMsg$Application
instanceKlass com/mathworks/eps/notificationclient/messages/response/authnz/GetAPSTokenResponseMsg$Service
instanceKlass com/mathworks/eps/notificationclient/messages/response/authnz/GetAPSTokenResponseMsg
instanceKlass com/mathworks/eps/notificationclient/api/faults/FaultCondition
instanceKlass com/google/gson/internal/ConstructorConstructor$3
instanceKlass com/google/gson/internal/JsonReaderInternalAccess
instanceKlass com/mathworks/eps/notificationclient/messages/utils/GsonUtils$JsonMessageDeserializer
instanceKlass com/mathworks/eps/notificationclient/messages/response/NotificationResponseMessage
instanceKlass com/mathworks/eps/notificationclient/messages/response/authnz/GetAPSTokenResponse
instanceKlass org/apache/http/util/EntityUtils
instanceKlass org/apache/http/message/BasicHeaderElementIterator
instanceKlass org/apache/http/message/BasicTokenIterator
instanceKlass org/apache/http/message/BasicHeaderElement
instanceKlass org/apache/http/message/BasicNameValuePair
instanceKlass org/apache/http/message/TokenParser
instanceKlass org/apache/http/HeaderElement
instanceKlass org/apache/http/NameValuePair
instanceKlass org/apache/http/message/BasicHeaderValueParser
instanceKlass org/apache/http/message/HeaderValueParser
instanceKlass org/apache/http/impl/nio/codecs/AbstractContentDecoder
instanceKlass org/apache/http/nio/FileContentDecoder
instanceKlass org/apache/http/message/BufferedHeader
instanceKlass org/apache/http/message/BasicStatusLine
instanceKlass org/apache/http/protocol/HTTP
instanceKlass org/apache/http/message/ParserCursor
instanceKlass com/mathworks/hg/util/JavaSystemScreenInfoProvider
instanceKlass com/mathworks/hg/util/AbstractSystemScreenInfoProvider
instanceKlass org/apache/http/conn/util/InetAddressUtils
instanceKlass com/sun/crypto/provider/GHASH
instanceKlass com/sun/crypto/provider/GCTR
instanceKlass com/sun/crypto/provider/PKCS5Padding
instanceKlass com/sun/crypto/provider/Padding
instanceKlass com/sun/crypto/provider/FeedbackCipher
instanceKlass com/sun/crypto/provider/CipherCore
instanceKlass com/sun/crypto/provider/AESConstants
instanceKlass com/sun/crypto/provider/SymmetricCipher
instanceKlass javax/crypto/CipherSpi
instanceKlass javax/crypto/spec/GCMParameterSpec
instanceKlass sun/security/ssl/CipherBox$1
instanceKlass javax/crypto/Cipher$Transform
instanceKlass sun/security/internal/spec/TlsPrfParameterSpec
instanceKlass sun/security/internal/spec/TlsKeyMaterialSpec
instanceKlass javax/crypto/spec/IvParameterSpec
instanceKlass sun/security/internal/spec/TlsKeyMaterialParameterSpec
instanceKlass com/sun/crypto/provider/TlsMasterSecretGenerator$TlsMasterSecretKey
instanceKlass sun/security/internal/interfaces/TlsMasterSecret
instanceKlass sun/security/internal/spec/TlsMasterSecretParameterSpec
instanceKlass javax/crypto/spec/SecretKeySpec
instanceKlass javax/crypto/KeyAgreementSpi
instanceKlass java/security/KeyPair
instanceKlass java/security/interfaces/ECPrivateKey
instanceKlass sun/security/ssl/ECDHCrypt
instanceKlass java/security/spec/ECPublicKeySpec
instanceKlass sun/security/ssl/ClientHandshaker$2
instanceKlass java/security/cert/PKIXCertPathValidatorResult
instanceKlass java/security/cert/CertPathValidatorResult
instanceKlass sun/security/pr